<?xml version="1.0" encoding="UTF-8"?>
<!-- Generated by org.testng.reporters.JUnitXMLReporter -->
<testsuite hostname="ajammu-ny-03456.ad.hugeinc.com" name="Default test" tests="11" failures="0" timestamp="15 Jul 2013 00:13:41 GMT" time="0.039" errors="0">
  <testcase name="f" time="0.012" classname="Registration.HappyPath"/>
  <testcase name="f" time="0.0" classname="Login.ForgotPassword"/>
  <testcase name="f" time="0.0010" classname="Login.NoActivation"/>
  <testcase name="f" time="0.0" classname="Login.HappyPath"/>
  <testcase name="f" time="0.0010" classname="Login.ErrorStates"/>
  <testcase name="f" time="0.0" classname="Global.Header"/>
  <testcase name="f" time="0.0010" classname="Settings.FieldValidations"/>
  <testcase name="f" time="0.0010" classname="Settings.Password"/>
  <testcase name="f" time="0.0010" classname="Registration.ErrorStates"/>
  <testcase name="f" time="0.0010" classname="Settings.DataChanges"/>
  <testcase name="f" time="0.0010" classname="Global.Footer"/>
</testsuite> <!-- Default test -->
